<?xml version="1.0" encoding="UTF-8"?>
<coverage generated="1776325269902" clover="3.2.0">
  <project timestamp="1776325269902" name="All files">
    <metrics statements="25" coveredstatements="21" conditionals="12" coveredconditionals="9" methods="7" coveredmethods="5" elements="44" coveredelements="35" complexity="0" loc="25" ncloc="25" packages="3" files="8" classes="8"/>
    <package name="src">
      <metrics statements="7" coveredstatements="7" conditionals="0" coveredconditionals="0" methods="3" coveredmethods="3"/>
      <file name="app.ts" path="/Users/voltron/Desktop/Personal/local-repo/bibot-v2/auth/src/app.ts">
        <metrics statements="6" coveredstatements="6" conditionals="0" coveredconditionals="0" methods="3" coveredmethods="3"/>
        <line num="8" count="6" type="stmt"/>
        <line num="10" count="6" type="stmt"/>
        <line num="20" count="6" type="stmt"/>
        <line num="21" count="4" type="stmt"/>
        <line num="28" count="18" type="stmt"/>
        <line num="30" count="6" type="stmt"/>
      </file>
      <file name="index.ts" path="/Users/voltron/Desktop/Personal/local-repo/bibot-v2/auth/src/index.ts">
        <metrics statements="1" coveredstatements="1" conditionals="0" coveredconditionals="0" methods="0" coveredmethods="0"/>
        <line num="6" count="5" type="stmt"/>
      </file>
    </package>
    <package name="src.lib">
      <metrics statements="18" coveredstatements="14" conditionals="12" coveredconditionals="9" methods="4" coveredmethods="2"/>
      <file name="auth.ts" path="/Users/voltron/Desktop/Personal/local-repo/bibot-v2/auth/src/lib/auth.ts">
        <metrics statements="3" coveredstatements="1" conditionals="0" coveredconditionals="0" methods="2" coveredmethods="0"/>
        <line num="7" count="7" type="stmt"/>
        <line num="40" count="0" type="stmt"/>
        <line num="47" count="0" type="stmt"/>
      </file>
      <file name="db.ts" path="/Users/voltron/Desktop/Personal/local-repo/bibot-v2/auth/src/lib/db.ts">
        <metrics statements="1" coveredstatements="1" conditionals="0" coveredconditionals="0" methods="0" coveredmethods="0"/>
        <line num="5" count="7" type="stmt"/>
      </file>
      <file name="env.ts" path="/Users/voltron/Desktop/Personal/local-repo/bibot-v2/auth/src/lib/env.ts">
        <metrics statements="9" coveredstatements="7" conditionals="12" coveredconditionals="9" methods="1" coveredmethods="1"/>
        <line num="1" count="7" type="stmt"/>
        <line num="9" count="7" type="stmt"/>
        <line num="10" count="35" type="cond" truecount="1" falsecount="1"/>
        <line num="11" count="0" type="stmt"/>
        <line num="15" count="7" type="cond" truecount="2" falsecount="0"/>
        <line num="17" count="7" type="cond" truecount="1" falsecount="1"/>
        <line num="18" count="0" type="stmt"/>
        <line num="21" count="7" type="stmt"/>
        <line num="30" count="7" type="stmt"/>
      </file>
      <file name="security.ts" path="/Users/voltron/Desktop/Personal/local-repo/bibot-v2/auth/src/lib/security.ts">
        <metrics statements="5" coveredstatements="5" conditionals="0" coveredconditionals="0" methods="1" coveredmethods="1"/>
        <line num="3" count="7" type="stmt"/>
        <line num="5" count="7" type="stmt"/>
        <line num="7" count="7" type="stmt"/>
        <line num="10" count="7" type="stmt"/>
        <line num="22" count="7" type="stmt"/>
      </file>
    </package>
    <package name="src.types">
      <metrics statements="0" coveredstatements="0" conditionals="0" coveredconditionals="0" methods="0" coveredmethods="0"/>
      <file name="auth-contract.ts" path="/Users/voltron/Desktop/Personal/local-repo/bibot-v2/auth/src/types/auth-contract.ts">
        <metrics statements="0" coveredstatements="0" conditionals="0" coveredconditionals="0" methods="0" coveredmethods="0"/>
      </file>
      <file name="hono.ts" path="/Users/voltron/Desktop/Personal/local-repo/bibot-v2/auth/src/types/hono.ts">
        <metrics statements="0" coveredstatements="0" conditionals="0" coveredconditionals="0" methods="0" coveredmethods="0"/>
      </file>
    </package>
  </project>
</coverage>
