{"/Users/voltron/Desktop/Personal/local-repo/bibot-v2/auth/src/app.ts": {"path":"/Users/voltron/Desktop/Personal/local-repo/bibot-v2/auth/src/app.ts","statementMap":{"0":{"start":{"line":8,"column":12},"end":{"line":8,"column":51}},"1":{"start":{"line":10,"column":0},"end":{"line":18,"column":null}},"2":{"start":{"line":20,"column":0},"end":{"line":26,"column":null}},"3":{"start":{"line":21,"column":2},"end":{"line":25,"column":null}},"4":{"start":{"line":28,"column":0},"end":{"line":28,"column":null}},"5":{"start":{"line":28,"column":46},"end":{"line":28,"column":69}},"6":{"start":{"line":30,"column":0},"end":{"line":30,"column":null}},"7":{"start":{"line":30,"column":20},"end":{"line":30,"column":53}}},"fnMap":{"0":{"name":"(anonymous_0)","decl":{"start":{"line":20,"column":8},"end":{"line":20,"column":25}},"loc":{"start":{"line":20,"column":31},"end":{"line":26,"column":null}},"line":20},"1":{"name":"(anonymous_1)","decl":{"start":{"line":28,"column":24},"end":{"line":28,"column":40}},"loc":{"start":{"line":28,"column":46},"end":{"line":28,"column":69}},"line":28},"2":{"name":"(anonymous_2)","decl":{"start":{"line":30,"column":8},"end":{"line":30,"column":14}},"loc":{"start":{"line":30,"column":20},"end":{"line":30,"column":53}},"line":30}},"branchMap":{},"s":{"0":6,"1":6,"2":6,"3":4,"4":6,"5":18,"6":6,"7":1},"f":{"0":4,"1":18,"2":1},"b":{},"meta":{"lastBranch":0,"lastFunction":3,"lastStatement":8,"seen":{"s:8:12:8:51":0,"s:10:0:18:Infinity":1,"s:20:0:26:Infinity":2,"f:20:8:20:25":0,"s:21:2:25:Infinity":3,"s:28:0:28:Infinity":4,"f:28:24:28:40":1,"s:28:46:28:69":5,"s:30:0:30:Infinity":6,"f:30:8:30:14":2,"s:30:20:30:53":7}}}
,"/Users/voltron/Desktop/Personal/local-repo/bibot-v2/auth/src/index.ts": {"path":"/Users/voltron/Desktop/Personal/local-repo/bibot-v2/auth/src/index.ts","statementMap":{"0":{"start":{"line":6,"column":0},"end":{"line":6,"column":null}}},"fnMap":{},"branchMap":{},"s":{"0":5},"f":{},"b":{},"meta":{"lastBranch":0,"lastFunction":0,"lastStatement":1,"seen":{"s:6:0:6:Infinity":0}}}
,"/Users/voltron/Desktop/Personal/local-repo/bibot-v2/auth/src/lib/auth.ts": {"path":"/Users/voltron/Desktop/Personal/local-repo/bibot-v2/auth/src/lib/auth.ts","statementMap":{"0":{"start":{"line":7,"column":13},"end":{"line":56,"column":2}},"1":{"start":{"line":40,"column":6},"end":{"line":40,"column":null}},"2":{"start":{"line":47,"column":6},"end":{"line":47,"column":null}}},"fnMap":{"0":{"name":"(anonymous_0)","decl":{"start":{"line":39,"column":23},"end":{"line":39,"column":30}},"loc":{"start":{"line":39,"column":48},"end":{"line":40,"column":null}},"line":39},"1":{"name":"(anonymous_1)","decl":{"start":{"line":46,"column":27},"end":{"line":46,"column":34}},"loc":{"start":{"line":46,"column":46},"end":{"line":47,"column":null}},"line":46}},"branchMap":{},"s":{"0":7,"1":0,"2":0},"f":{"0":0,"1":0},"b":{},"meta":{"lastBranch":0,"lastFunction":2,"lastStatement":3,"seen":{"s:7:13:56:2":0,"f:39:23:39:30":0,"s:40:6:40:Infinity":1,"f:46:27:46:34":1,"s:47:6:47:Infinity":2}}}
,"/Users/voltron/Desktop/Personal/local-repo/bibot-v2/auth/src/lib/db.ts": {"path":"/Users/voltron/Desktop/Personal/local-repo/bibot-v2/auth/src/lib/db.ts","statementMap":{"0":{"start":{"line":5,"column":20},"end":{"line":7,"column":2}}},"fnMap":{},"branchMap":{},"s":{"0":7},"f":{},"b":{},"meta":{"lastBranch":0,"lastFunction":0,"lastStatement":1,"seen":{"s:5:20:7:2":0}}}
,"/Users/voltron/Desktop/Personal/local-repo/bibot-v2/auth/src/lib/env.ts": {"path":"/Users/voltron/Desktop/Personal/local-repo/bibot-v2/auth/src/lib/env.ts","statementMap":{"0":{"start":{"line":1,"column":24},"end":{"line":7,"column":null}},"1":{"start":{"line":9,"column":0},"end":{"line":11,"column":null}},"2":{"start":{"line":10,"column":2},"end":{"line":11,"column":null}},"3":{"start":{"line":11,"column":4},"end":{"line":11,"column":null}},"4":{"start":{"line":15,"column":19},"end":{"line":15,"column":66}},"5":{"start":{"line":17,"column":0},"end":{"line":18,"column":null}},"6":{"start":{"line":18,"column":2},"end":{"line":18,"column":null}},"7":{"start":{"line":21,"column":19},"end":{"line":34,"column":null}},"8":{"start":{"line":30,"column":21},"end":{"line":30,"column":34}}},"fnMap":{"0":{"name":"(anonymous_0)","decl":{"start":{"line":30,"column":5},"end":{"line":30,"column":10}},"loc":{"start":{"line":30,"column":21},"end":{"line":30,"column":34}},"line":30}},"branchMap":{"0":{"loc":{"start":{"line":10,"column":2},"end":{"line":11,"column":null}},"type":"if","locations":[{"start":{"line":10,"column":2},"end":{"line":11,"column":null}},{"start":{},"end":{}}],"line":10},"1":{"loc":{"start":{"line":15,"column":35},"end":{"line":15,"column":63}},"type":"binary-expr","locations":[{"start":{"line":15,"column":35},"end":{"line":15,"column":55}},{"start":{"line":15,"column":55},"end":{"line":15,"column":63}}],"line":15},"2":{"loc":{"start":{"line":17,"column":0},"end":{"line":18,"column":null}},"type":"if","locations":[{"start":{"line":17,"column":0},"end":{"line":18,"column":null}},{"start":{},"end":{}}],"line":17},"3":{"loc":{"start":{"line":22,"column":2},"end":{"line":22,"column":null}},"type":"binary-expr","locations":[{"start":{"line":22,"column":2},"end":{"line":22,"column":36}},{"start":{"line":22,"column":36},"end":{"line":22,"column":null}}],"line":22},"4":{"loc":{"start":{"line":27,"column":15},"end":{"line":27,"column":null}},"type":"binary-expr","locations":[{"start":{"line":27,"column":15},"end":{"line":27,"column":42}},{"start":{"line":27,"column":42},"end":{"line":27,"column":null}}],"line":27},"5":{"loc":{"start":{"line":28,"column":20},"end":{"line":28,"column":null}},"type":"binary-expr","locations":[{"start":{"line":28,"column":20},"end":{"line":28,"column":51}},{"start":{"line":28,"column":51},"end":{"line":28,"column":null}}],"line":28}},"s":{"0":7,"1":7,"2":35,"3":0,"4":7,"5":7,"6":0,"7":7,"8":7},"f":{"0":7},"b":{"0":[0,35],"1":[7,7],"2":[0,7],"3":[7,0],"4":[7,7],"5":[7,7]},"meta":{"lastBranch":6,"lastFunction":1,"lastStatement":9,"seen":{"s:1:24:7:Infinity":0,"s:9:0:11:Infinity":1,"b:10:2:11:Infinity:undefined:undefined:undefined:undefined":0,"s:10:2:11:Infinity":2,"s:11:4:11:Infinity":3,"s:15:19:15:66":4,"b:15:35:15:55:15:55:15:63":1,"b:17:0:18:Infinity:undefined:undefined:undefined:undefined":2,"s:17:0:18:Infinity":5,"s:18:2:18:Infinity":6,"s:21:19:34:Infinity":7,"b:22:2:22:36:22:36:22:Infinity":3,"b:27:15:27:42:27:42:27:Infinity":4,"b:28:20:28:51:28:51:28:Infinity":5,"f:30:5:30:10":0,"s:30:21:30:34":8}}}
,"/Users/voltron/Desktop/Personal/local-repo/bibot-v2/auth/src/lib/security.ts": {"path":"/Users/voltron/Desktop/Personal/local-repo/bibot-v2/auth/src/lib/security.ts","statementMap":{"0":{"start":{"line":3,"column":30},"end":{"line":3,"column":null}},"1":{"start":{"line":5,"column":27},"end":{"line":8,"column":18}},"2":{"start":{"line":7,"column":19},"end":{"line":7,"column":32}},"3":{"start":{"line":10,"column":25},"end":{"line":20,"column":null}},"4":{"start":{"line":22,"column":32},"end":{"line":22,"column":64}}},"fnMap":{"0":{"name":"(anonymous_0)","decl":{"start":{"line":7,"column":3},"end":{"line":7,"column":8}},"loc":{"start":{"line":7,"column":19},"end":{"line":7,"column":32}},"line":7}},"branchMap":{},"s":{"0":7,"1":7,"2":7,"3":7,"4":7},"f":{"0":7},"b":{},"meta":{"lastBranch":0,"lastFunction":1,"lastStatement":5,"seen":{"s:3:30:3:Infinity":0,"s:5:27:8:18":1,"f:7:3:7:8":0,"s:7:19:7:32":2,"s:10:25:20:Infinity":3,"s:22:32:22:64":4}}}
,"/Users/voltron/Desktop/Personal/local-repo/bibot-v2/auth/src/types/auth-contract.ts": {"path":"/Users/voltron/Desktop/Personal/local-repo/bibot-v2/auth/src/types/auth-contract.ts","statementMap":{},"fnMap":{},"branchMap":{},"s":{},"f":{},"b":{},"meta":{"lastBranch":0,"lastFunction":0,"lastStatement":0,"seen":{}}}
,"/Users/voltron/Desktop/Personal/local-repo/bibot-v2/auth/src/types/hono.ts": {"path":"/Users/voltron/Desktop/Personal/local-repo/bibot-v2/auth/src/types/hono.ts","statementMap":{},"fnMap":{},"branchMap":{},"s":{},"f":{},"b":{},"meta":{"lastBranch":0,"lastFunction":0,"lastStatement":0,"seen":{}}}
}
